This is pdfTeX, Version 3.1415926-2.5-1.40.14 (TeX Live 2013/Debian) (format=pdflatex 2014.7.18)  19 JUL 2014 00:02
entering extended mode
 restricted \write18 enabled.
 %&-line parsing enabled.
**Documenation.tex
(./Documenation.tex
LaTeX2e <2011/06/27>
Babel <3.9h> and hyphenation patterns for 4 languages loaded.
(/usr/share/texlive/texmf-dist/tex/latex/base/article.cls
Document Class: article 2007/10/19 v1.4h Standard LaTeX document class
(/usr/share/texlive/texmf-dist/tex/latex/base/size12.clo
File: size12.clo 2007/10/19 v1.4h Standard LaTeX file (size option)
)
\c@part=\count79
\c@section=\count80
\c@subsection=\count81
\c@subsubsection=\count82
\c@paragraph=\count83
\c@subparagraph=\count84
\c@figure=\count85
\c@table=\count86
\abovecaptionskip=\skip41
\belowcaptionskip=\skip42
\bibindent=\dimen102
)
(/usr/share/texlive/texmf-dist/tex/latex/graphics/graphicx.sty
Package: graphicx 1999/02/16 v1.0f Enhanced LaTeX Graphics (DPC,SPQR)

(/usr/share/texlive/texmf-dist/tex/latex/graphics/keyval.sty
Package: keyval 1999/03/16 v1.13 key=value parser (DPC)
\KV@toks@=\toks14
)
(/usr/share/texlive/texmf-dist/tex/latex/graphics/graphics.sty
Package: graphics 2009/02/05 v1.0o Standard LaTeX Graphics (DPC,SPQR)

(/usr/share/texlive/texmf-dist/tex/latex/graphics/trig.sty
Package: trig 1999/03/16 v1.09 sin cos tan (DPC)
)
(/usr/share/texlive/texmf-dist/tex/latex/latexconfig/graphics.cfg
File: graphics.cfg 2010/04/23 v1.9 graphics configuration of TeX Live
)
Package graphics Info: Driver file: pdftex.def on input line 91.

(/usr/share/texlive/texmf-dist/tex/latex/pdftex-def/pdftex.def
File: pdftex.def 2011/05/27 v0.06d Graphics/color for pdfTeX

(/usr/share/texlive/texmf-dist/tex/generic/oberdiek/infwarerr.sty
Package: infwarerr 2010/04/08 v1.3 Providing info/warning/error messages (HO)
)
(/usr/share/texlive/texmf-dist/tex/generic/oberdiek/ltxcmds.sty
Package: ltxcmds 2011/11/09 v1.22 LaTeX kernel commands for general use (HO)
)
\Gread@gobject=\count87
))
\Gin@req@height=\dimen103
\Gin@req@width=\dimen104
)
(./Documenation.aux)
\openout1 = `Documenation.aux'.

LaTeX Font Info:    Checking defaults for OML/cmm/m/it on input line 9.
LaTeX Font Info:    ... okay on input line 9.
LaTeX Font Info:    Checking defaults for T1/cmr/m/n on input line 9.
LaTeX Font Info:    ... okay on input line 9.
LaTeX Font Info:    Checking defaults for OT1/cmr/m/n on input line 9.
LaTeX Font Info:    ... okay on input line 9.
LaTeX Font Info:    Checking defaults for OMS/cmsy/m/n on input line 9.
LaTeX Font Info:    ... okay on input line 9.
LaTeX Font Info:    Checking defaults for OMX/cmex/m/n on input line 9.
LaTeX Font Info:    ... okay on input line 9.
LaTeX Font Info:    Checking defaults for U/cmr/m/n on input line 9.
LaTeX Font Info:    ... okay on input line 9.

(/usr/share/texlive/texmf-dist/tex/context/base/supp-pdf.mkii
[Loading MPS to PDF converter (version 2006.09.02).]
\scratchcounter=\count88
\scratchdimen=\dimen105
\scratchbox=\box26
\nofMPsegments=\count89
\nofMParguments=\count90
\everyMPshowfont=\toks15
\MPscratchCnt=\count91
\MPscratchDim=\dimen106
\MPnumerator=\count92
\makeMPintoPDFobject=\count93
\everyMPtoPDFconversion=\toks16
) (/usr/share/texlive/texmf-dist/tex/generic/oberdiek/pdftexcmds.sty
Package: pdftexcmds 2011/11/29 v0.20 Utility functions of pdfTeX for LuaTeX (HO
)

(/usr/share/texlive/texmf-dist/tex/generic/oberdiek/ifluatex.sty
Package: ifluatex 2010/03/01 v1.3 Provides the ifluatex switch (HO)
Package ifluatex Info: LuaTeX not detected.
)
(/usr/share/texlive/texmf-dist/tex/generic/oberdiek/ifpdf.sty
Package: ifpdf 2011/01/30 v2.3 Provides the ifpdf switch (HO)
Package ifpdf Info: pdfTeX in PDF mode is detected.
)
Package pdftexcmds Info: LuaTeX not detected.
Package pdftexcmds Info: \pdf@primitive is available.
Package pdftexcmds Info: \pdf@ifprimitive is available.
Package pdftexcmds Info: \pdfdraftmode found.
)
(/usr/share/texlive/texmf-dist/tex/latex/oberdiek/epstopdf-base.sty
Package: epstopdf-base 2010/02/09 v2.5 Base part for package epstopdf

(/usr/share/texlive/texmf-dist/tex/latex/oberdiek/grfext.sty
Package: grfext 2010/08/19 v1.1 Manage graphics extensions (HO)

(/usr/share/texlive/texmf-dist/tex/generic/oberdiek/kvdefinekeys.sty
Package: kvdefinekeys 2011/04/07 v1.3 Define keys (HO)
))
(/usr/share/texlive/texmf-dist/tex/latex/oberdiek/kvoptions.sty
Package: kvoptions 2011/06/30 v3.11 Key value format for package options (HO)

(/usr/share/texlive/texmf-dist/tex/generic/oberdiek/kvsetkeys.sty
Package: kvsetkeys 2012/04/25 v1.16 Key value parser (HO)

(/usr/share/texlive/texmf-dist/tex/generic/oberdiek/etexcmds.sty
Package: etexcmds 2011/02/16 v1.5 Avoid name clashes with e-TeX commands (HO)
Package etexcmds Info: Could not find \expanded.
(etexcmds)             That can mean that you are not using pdfTeX 1.50 or
(etexcmds)             that some package has redefined \expanded.
(etexcmds)             In the latter case, load this package earlier.
)))
Package grfext Info: Graphics extension search list:
(grfext)             [.png,.pdf,.jpg,.mps,.jpeg,.jbig2,.jb2,.PNG,.PDF,.JPG,.JPE
G,.JBIG2,.JB2,.eps]
(grfext)             \AppendGraphicsExtensions on input line 452.

(/usr/share/texlive/texmf-dist/tex/latex/latexconfig/epstopdf-sys.cfg
File: epstopdf-sys.cfg 2010/07/13 v1.3 Configuration of (r)epstopdf for TeX Liv
e
))
LaTeX Font Info:    External font `cmex10' loaded for size
(Font)              <14.4> on input line 10.
LaTeX Font Info:    External font `cmex10' loaded for size
(Font)              <7> on input line 10.


LaTeX Warning: No \author given.

<images/Path/original_path.png, id=1, 586.8324pt x 442.2924pt>
File: images/Path/original_path.png Graphic file (type png)

<use images/Path/original_path.png>
Package pdftex.def Info: images/Path/original_path.png used on input line 12.
(pdftex.def)             Requested size: 586.83096pt x 442.29132pt.

<images/Path/best_found_path.png, id=3, 586.8324pt x 442.2924pt>
File: images/Path/best_found_path.png Graphic file (type png)

<use images/Path/best_found_path.png>
Package pdftex.def Info: images/Path/best_found_path.png used on input line 13.

(pdftex.def)             Requested size: 586.83096pt x 442.29132pt.

Overfull \hbox (196.83096pt too wide) in paragraph at lines 12--14
[]
 []


Overfull \hbox (196.83096pt too wide) in paragraph at lines 12--14
[] 
 []

[1

{/var/lib/texmf/fonts/map/pdftex/updmap/pdftex.map}] [2 <./images/Path/original
_path.png>]
<images/Segmentation/raw_image.png, id=16, 497.34193pt x 365.15369pt>
File: images/Segmentation/raw_image.png Graphic file (type png)

<use images/Segmentation/raw_image.png>
Package pdftex.def Info: images/Segmentation/raw_image.png used on input line 1
7.
(pdftex.def)             Requested size: 497.34071pt x 365.15279pt.

<images/Segmentation/binary.png, id=17, 497.34193pt x 365.15369pt>
File: images/Segmentation/binary.png Graphic file (type png)

<use images/Segmentation/binary.png>
Package pdftex.def Info: images/Segmentation/binary.png used on input line 18.
(pdftex.def)             Requested size: 497.34071pt x 365.15279pt.

<images/Segmentation/part_analysis.png, id=18, 497.34193pt x 365.15369pt>
File: images/Segmentation/part_analysis.png Graphic file (type png)

<use images/Segmentation/part_analysis.png>
Package pdftex.def Info: images/Segmentation/part_analysis.png used on input li
ne 19.
(pdftex.def)             Requested size: 497.34071pt x 365.15279pt.

Overfull \hbox (107.34071pt too wide) in paragraph at lines 17--20
[]
 []


Overfull \hbox (107.34071pt too wide) in paragraph at lines 17--20
[]
 []


Overfull \hbox (107.34071pt too wide) in paragraph at lines 17--20
[] 
 []

[3 <./images/Path/best_found_path.png>] [4 <./images/Segmentation/raw_image.png
>] [5 <./images/Segmentation/binary.png>]
<images/volume_analysis_setup/IMG_0604.JPG, id=29, 3276.24pt x 2457.18pt>
File: images/volume_analysis_setup/IMG_0604.JPG Graphic file (type jpg)

<use images/volume_analysis_setup/IMG_0604.JPG>
Package pdftex.def Info: images/volume_analysis_setup/IMG_0604.JPG used on inpu
t line 23.
(pdftex.def)             Requested size: 327.64319pt x 245.73239pt.

<images/volume_analysis_setup/IMG_0605.JPG, id=30, 3276.24pt x 2457.18pt>
File: images/volume_analysis_setup/IMG_0605.JPG Graphic file (type jpg)

<use images/volume_analysis_setup/IMG_0605.JPG>
Package pdftex.def Info: images/volume_analysis_setup/IMG_0605.JPG used on inpu
t line 24.
(pdftex.def)             Requested size: 327.64319pt x 245.73239pt.

<images/volume_analysis_setup/IMG_0606.JPG, id=31, 3276.24pt x 2457.18pt>
File: images/volume_analysis_setup/IMG_0606.JPG Graphic file (type jpg)

<use images/volume_analysis_setup/IMG_0606.JPG>
Package pdftex.def Info: images/volume_analysis_setup/IMG_0606.JPG used on inpu
t line 25.
(pdftex.def)             Requested size: 327.64319pt x 245.73239pt.

<images/volume_analysis_setup/IMG_0607.JPG, id=32, 3276.24pt x 2457.18pt>
File: images/volume_analysis_setup/IMG_0607.JPG Graphic file (type jpg)

<use images/volume_analysis_setup/IMG_0607.JPG>
Package pdftex.def Info: images/volume_analysis_setup/IMG_0607.JPG used on inpu
t line 26.
(pdftex.def)             Requested size: 327.64319pt x 245.73239pt.

<images/volume_analysis_setup/IMG_0608.JPG, id=33, 3276.24pt x 2457.18pt>
File: images/volume_analysis_setup/IMG_0608.JPG Graphic file (type jpg)

<use images/volume_analysis_setup/IMG_0608.JPG>
Package pdftex.def Info: images/volume_analysis_setup/IMG_0608.JPG used on inpu
t line 27.
(pdftex.def)             Requested size: 327.64319pt x 245.73239pt.

<images/volume_analysis_setup/IMG_0609.JPG, id=34, 3276.24pt x 2457.18pt>
File: images/volume_analysis_setup/IMG_0609.JPG Graphic file (type jpg)

<use images/volume_analysis_setup/IMG_0609.JPG>
Package pdftex.def Info: images/volume_analysis_setup/IMG_0609.JPG used on inpu
t line 28.
(pdftex.def)             Requested size: 327.64319pt x 245.73239pt.

<images/volume_analysis_setup/IMG_0610.JPG, id=35, 3276.24pt x 2457.18pt>
File: images/volume_analysis_setup/IMG_0610.JPG Graphic file (type jpg)

<use images/volume_analysis_setup/IMG_0610.JPG>
Package pdftex.def Info: images/volume_analysis_setup/IMG_0610.JPG used on inpu
t line 29.
(pdftex.def)             Requested size: 327.64319pt x 245.73239pt.

<images/volume_analysis_setup/IMG_0611.JPG, id=36, 3276.24pt x 2457.18pt>
File: images/volume_analysis_setup/IMG_0611.JPG Graphic file (type jpg)

<use images/volume_analysis_setup/IMG_0611.JPG>
Package pdftex.def Info: images/volume_analysis_setup/IMG_0611.JPG used on inpu
t line 30.
(pdftex.def)             Requested size: 327.64319pt x 245.73239pt.

<images/volume_analysis_setup/IMG_0612.JPG, id=37, 3276.24pt x 2457.18pt>
File: images/volume_analysis_setup/IMG_0612.JPG Graphic file (type jpg)

<use images/volume_analysis_setup/IMG_0612.JPG>
Package pdftex.def Info: images/volume_analysis_setup/IMG_0612.JPG used on inpu
t line 31.
(pdftex.def)             Requested size: 327.64319pt x 245.73239pt.

<images/volume_analysis_setup/IMG_0613.JPG, id=38, 3276.24pt x 2457.18pt>
File: images/volume_analysis_setup/IMG_0613.JPG Graphic file (type jpg)

<use images/volume_analysis_setup/IMG_0613.JPG>
Package pdftex.def Info: images/volume_analysis_setup/IMG_0613.JPG used on inpu
t line 32.
(pdftex.def)             Requested size: 327.64319pt x 245.73239pt.

<images/volume_analysis_setup/IMG_0614.JPG, id=39, 3276.24pt x 2457.18pt>
File: images/volume_analysis_setup/IMG_0614.JPG Graphic file (type jpg)

<use images/volume_analysis_setup/IMG_0614.JPG>
Package pdftex.def Info: images/volume_analysis_setup/IMG_0614.JPG used on inpu
t line 33.
(pdftex.def)             Requested size: 327.64319pt x 245.73239pt.

<images/volume_analysis_setup/IMG_0616.JPG, id=40, 3276.24pt x 2457.18pt>
File: images/volume_analysis_setup/IMG_0616.JPG Graphic file (type jpg)

<use images/volume_analysis_setup/IMG_0616.JPG>
Package pdftex.def Info: images/volume_analysis_setup/IMG_0616.JPG used on inpu
t line 34.
(pdftex.def)             Requested size: 327.64319pt x 245.73239pt.

<images/volume_analysis_setup/IMG_0617.JPG, id=41, 3276.24pt x 2457.18pt>
File: images/volume_analysis_setup/IMG_0617.JPG Graphic file (type jpg)

<use images/volume_analysis_setup/IMG_0617.JPG>
Package pdftex.def Info: images/volume_analysis_setup/IMG_0617.JPG used on inpu
t line 35.
(pdftex.def)             Requested size: 327.64319pt x 245.73239pt.

<images/volume_analysis_setup/IMG_0618.JPG, id=42, 3276.24pt x 2457.18pt>
File: images/volume_analysis_setup/IMG_0618.JPG Graphic file (type jpg)

<use images/volume_analysis_setup/IMG_0618.JPG>
Package pdftex.def Info: images/volume_analysis_setup/IMG_0618.JPG used on inpu
t line 36.
(pdftex.def)             Requested size: 327.64319pt x 245.73239pt.
File: images/volume_analysis_setup/IMG_0606.JPG Graphic file (type jpg)

<use images/volume_analysis_setup/IMG_0606.JPG>
Package pdftex.def Info: images/volume_analysis_setup/IMG_0606.JPG used on inpu
t line 37.
(pdftex.def)             Requested size: 327.64319pt x 245.73239pt.

<images/volume_analysis_setup/laser-8.jpg, id=43, 385.44pt x 289.08pt>
File: images/volume_analysis_setup/laser-8.jpg Graphic file (type jpg)

<use images/volume_analysis_setup/laser-8.jpg>
Package pdftex.def Info: images/volume_analysis_setup/laser-8.jpg used on input
 line 38.
(pdftex.def)             Requested size: 385.43906pt x 289.07928pt.

Overfull \hbox (104.07587pt too wide) in paragraph at lines 23--39
[] []
 []


Overfull \hbox (104.07587pt too wide) in paragraph at lines 23--39
[] []
 []


Overfull \hbox (104.07587pt too wide) in paragraph at lines 23--39
[] []
 []


Overfull \hbox (104.07587pt too wide) in paragraph at lines 23--39
[] []
 []


Overfull \hbox (104.07587pt too wide) in paragraph at lines 23--39
[] []
 []


Overfull \hbox (104.07587pt too wide) in paragraph at lines 23--39
[] []
 []


Overfull \hbox (104.07587pt too wide) in paragraph at lines 23--39
[] []
 []


Overfull \hbox (325.69333pt too wide) in paragraph at lines 23--39
[] [] 
 []

[6 <./images/Segmentation/part_analysis.png>] [7 <./images/volume_analysis_setu
p/IMG_0604.JPG> <./images/volume_analysis_setup/IMG_0605.JPG>] [8 <./images/vol
ume_analysis_setup/IMG_0606.JPG> <./images/volume_analysis_setup/IMG_0607.JPG>]
[9 <./images/volume_analysis_setup/IMG_0608.JPG> <./images/volume_analysis_setu
p/IMG_0609.JPG>] [10 <./images/volume_analysis_setup/IMG_0610.JPG> <./images/vo
lume_analysis_setup/IMG_0611.JPG>] [11 <./images/volume_analysis_setup/IMG_0612
.JPG> <./images/volume_analysis_setup/IMG_0613.JPG>] [12 <./images/volume_analy
sis_setup/IMG_0614.JPG> <./images/volume_analysis_setup/IMG_0616.JPG>] [13 <./i
mages/volume_analysis_setup/IMG_0617.JPG> <./images/volume_analysis_setup/IMG_0
618.JPG>]
<images/volume_image_processing/led_image.png, id=70, 497.34193pt x 365.15369pt
>
File: images/volume_image_processing/led_image.png Graphic file (type png)
 <use images/volume_image_processing/led_image.png>
Package pdftex.def Info: images/volume_image_processing/led_image.png used on i
nput line 42.
(pdftex.def)             Requested size: 497.34071pt x 365.15279pt.

<images/volume_image_processing/laser_image.png, id=71, 497.34193pt x 365.15369
pt>
File: images/volume_image_processing/laser_image.png Graphic file (type png)
 <use images/volume_image_processing/laser_image.png>
Package pdftex.def Info: images/volume_image_processing/laser_image.png used on
 input line 43.
(pdftex.def)             Requested size: 497.34071pt x 365.15279pt.

<images/volume_image_processing/binary_led_image.png, id=72, 497.34193pt x 365.
15369pt>
File: images/volume_image_processing/binary_led_image.png Graphic file (type pn
g)
 <use images/volume_image_processing/binary_led_image.png>
Package pdftex.def Info: images/volume_image_processing/binary_led_image.png us
ed on input line 44.
(pdftex.def)             Requested size: 497.34071pt x 365.15279pt.

<images/volume_image_processing/binary_laser_image.png, id=73, 497.34193pt x 36
5.15369pt>
File: images/volume_image_processing/binary_laser_image.png Graphic file (type 
png)
 <use images/volume_image_processing/binary_laser_image.png>
Package pdftex.def Info: images/volume_image_processing/binary_laser_image.png 
used on input line 45.
(pdftex.def)             Requested size: 497.34071pt x 365.15279pt.

<images/volume_image_processing/union_laser_led_binaries.png, id=74, 497.34193p
t x 365.15369pt>
File: images/volume_image_processing/union_laser_led_binaries.png Graphic file 
(type png)

<use images/volume_image_processing/union_laser_led_binaries.png>
Package pdftex.def Info: images/volume_image_processing/union_laser_led_binarie
s.png used on input line 46.
(pdftex.def)             Requested size: 497.34071pt x 365.15279pt.

Overfull \hbox (107.34071pt too wide) in paragraph at lines 42--47
[]
 []


Overfull \hbox (107.34071pt too wide) in paragraph at lines 42--47
[]
 []


Overfull \hbox (107.34071pt too wide) in paragraph at lines 42--47
[]
 []


Overfull \hbox (107.34071pt too wide) in paragraph at lines 42--47
[]
 []


Overfull \hbox (107.34071pt too wide) in paragraph at lines 42--47
[] 
 []

[14 <./images/volume_analysis_setup/laser-8.jpg>] [15 <./images/volume_image_pr
ocessing/led_image.png>] [16 <./images/volume_image_processing/laser_image.png>
] [17 <./images/volume_image_processing/binary_led_image.png>] [18 <./images/vo
lume_image_processing/binary_laser_image.png>]
<images/volume_results/solder_led_hole.png, id=90, 497.34193pt x 365.15369pt>
File: images/volume_results/solder_led_hole.png Graphic file (type png)

<use images/volume_results/solder_led_hole.png>
Package pdftex.def Info: images/volume_results/solder_led_hole.png used on inpu
t line 50.
(pdftex.def)             Requested size: 497.34071pt x 365.15279pt.

<images/volume_results/solder_laser_hole.png, id=91, 497.34193pt x 365.15369pt>
File: images/volume_results/solder_laser_hole.png Graphic file (type png)
<use images/volume_results/solder_laser_hole.png>
Package pdftex.def Info: images/volume_results/solder_laser_hole.png used on in
put line 51.
(pdftex.def)             Requested size: 497.34071pt x 365.15279pt.

<images/volume_results/binary_image_hole.png, id=92, 497.34193pt x 365.15369pt>
File: images/volume_results/binary_image_hole.png Graphic file (type png)
<use images/volume_results/binary_image_hole.png>
Package pdftex.def Info: images/volume_results/binary_image_hole.png used on in
put line 52.
(pdftex.def)             Requested size: 497.34071pt x 365.15279pt.

Overfull \hbox (107.34071pt too wide) in paragraph at lines 50--53
[]
 []


Overfull \hbox (107.34071pt too wide) in paragraph at lines 50--53
[]
 []


Overfull \hbox (107.34071pt too wide) in paragraph at lines 50--53
[] 
 []

[19 <./images/volume_image_processing/union_laser_led_binaries.png>] [20 <./ima
ges/volume_results/solder_led_hole.png>] [21 <./images/volume_results/solder_la
ser_hole.png>]
<images/Classification/data.png, id=103, 586.8324pt x 442.2924pt>
File: images/Classification/data.png Graphic file (type png)

<use images/Classification/data.png>
Package pdftex.def Info: images/Classification/data.png used on input line 56.
(pdftex.def)             Requested size: 586.83096pt x 442.29132pt.

<images/Classification/analized_data.png, id=104, 586.8324pt x 442.2924pt>
File: images/Classification/analized_data.png Graphic file (type png)

<use images/Classification/analized_data.png>
Package pdftex.def Info: images/Classification/analized_data.png used on input 
line 57.
(pdftex.def)             Requested size: 586.83096pt x 442.29132pt.

Overfull \hbox (196.83096pt too wide) in paragraph at lines 56--59
[]
 []


Overfull \hbox (196.83096pt too wide) in paragraph at lines 56--59
[] 
 []

[22 <./images/volume_results/binary_image_hole.png>] [23 <./images/Classificati
on/data.png>] [24 <./images/Classification/analized_data.png>]
(./Documenation.aux) ) 
Here is how much of TeX's memory you used:
 1628 strings out of 494985
 27094 string characters out of 6180356
 74334 words of memory out of 5000000
 4824 multiletter control sequences out of 15000+600000
 5756 words of font info for 21 fonts, out of 8000000 for 9000
 36 hyphenation exceptions out of 8191
 37i,7n,23p,280b,195s stack positions out of 5000i,500n,10000p,200000b,80000s
</usr/share/texlive/texmf-dist/fonts/type1/public/amsfont
s/cm/cmbx12.pfb></usr/share/texlive/texmf-dist/fonts/type1/public/amsfonts/cm/c
mr12.pfb></usr/share/texlive/texmf-dist/fonts/type1/public/amsfonts/cm/cmr17.pf
b>
Output written on Documenation.pdf (24 pages, 28776834 bytes).
PDF statistics:
 128 PDF objects out of 1000 (max. 8388607)
 64 compressed objects within 1 object stream
 0 named destinations out of 1000 (max. 500000)
 151 words of extra memory for PDF output out of 10000 (max. 10000000)

